<?xml version="1.0" encoding="UTF-8"?>
<!-- Generated by org.testng.reporters.JUnitReportReporter -->
<testsuite hostname="QT-INBG-LT0582" failures="0" tests="1" name="Mobile_World.Homepage" time="7.806" errors="0" timestamp="2022-09-19T11:56:18 IST" skipped="0">
  <testcase classname="Mobile_World.Homepage" name="register" time="7.806"/>
  <system-out/>
</testsuite> <!-- Mobile_World.Homepage -->
