<?xml version="1.0" encoding="UTF-8"?>
<!-- Generated by org.testng.reporters.JUnitReportReporter -->
<testsuite hostname="QT-INBG-LT0582" failures="0" tests="1" name="Mobile_World.Signup" time="16.985" errors="0" timestamp="2022-09-19T10:31:14 IST" skipped="0">
  <testcase classname="Mobile_World.Signup" name="register" time="16.985"/>
  <system-out/>
</testsuite> <!-- Mobile_World.Signup -->
